c:\users\polfo\documents\uni\4t\q7\vj\lab\2d game\2dgame\02-bubble\02-bubble\debug\vc140.pdb
c:\users\polfo\documents\uni\4t\q7\vj\lab\2d game\2dgame\02-bubble\02-bubble\debug\vc140.idb
c:\users\polfo\documents\uni\4t\q7\vj\lab\2d game\2dgame\02-bubble\02-bubble\debug\enemy.obj
c:\users\polfo\documents\uni\4t\q7\vj\lab\2d game\2dgame\02-bubble\02-bubble\debug\game.obj
c:\users\polfo\documents\uni\4t\q7\vj\lab\2d game\2dgame\02-bubble\02-bubble\debug\goomba.obj
c:\users\polfo\documents\uni\4t\q7\vj\lab\2d game\2dgame\02-bubble\02-bubble\debug\koopa.obj
c:\users\polfo\documents\uni\4t\q7\vj\lab\2d game\2dgame\02-bubble\02-bubble\debug\main.obj
c:\users\polfo\documents\uni\4t\q7\vj\lab\2d game\2dgame\02-bubble\02-bubble\debug\piranha.obj
c:\users\polfo\documents\uni\4t\q7\vj\lab\2d game\2dgame\02-bubble\02-bubble\debug\player.obj
c:\users\polfo\documents\uni\4t\q7\vj\lab\2d game\2dgame\02-bubble\02-bubble\debug\scene.obj
c:\users\polfo\documents\uni\4t\q7\vj\lab\2d game\2dgame\02-bubble\02-bubble\debug\shader.obj
c:\users\polfo\documents\uni\4t\q7\vj\lab\2d game\2dgame\02-bubble\02-bubble\debug\shaderprogram.obj
c:\users\polfo\documents\uni\4t\q7\vj\lab\2d game\2dgame\02-bubble\02-bubble\debug\sprite.obj
c:\users\polfo\documents\uni\4t\q7\vj\lab\2d game\2dgame\02-bubble\02-bubble\debug\texture.obj
c:\users\polfo\documents\uni\4t\q7\vj\lab\2d game\2dgame\02-bubble\02-bubble\debug\tilemap.obj
c:\users\polfo\documents\uni\4t\q7\vj\lab\2d game\2dgame\02-bubble\debug\02-bubble.ilk
c:\users\polfo\documents\uni\4t\q7\vj\lab\2d game\2dgame\02-bubble\debug\02-bubble.exe
c:\users\polfo\documents\uni\4t\q7\vj\lab\2d game\2dgame\02-bubble\debug\02-bubble.pdb
c:\users\polfo\documents\uni\4t\q7\vj\lab\2d game\2dgame\02-bubble\02-bubble\debug\02-bubble.tlog\cl.command.1.tlog
c:\users\polfo\documents\uni\4t\q7\vj\lab\2d game\2dgame\02-bubble\02-bubble\debug\02-bubble.tlog\cl.read.1.tlog
c:\users\polfo\documents\uni\4t\q7\vj\lab\2d game\2dgame\02-bubble\02-bubble\debug\02-bubble.tlog\cl.write.1.tlog
c:\users\polfo\documents\uni\4t\q7\vj\lab\2d game\2dgame\02-bubble\02-bubble\debug\02-bubble.tlog\link.command.1.tlog
c:\users\polfo\documents\uni\4t\q7\vj\lab\2d game\2dgame\02-bubble\02-bubble\debug\02-bubble.tlog\link.read.1.tlog
c:\users\polfo\documents\uni\4t\q7\vj\lab\2d game\2dgame\02-bubble\02-bubble\debug\02-bubble.tlog\link.write.1.tlog
