  questionMark.cpp
  main.cpp
  coin.cpp
  TileMap.cpp
  TexturedQuad.cpp
  Text.cpp
  Star.cpp
  Scene.cpp
  Quad.cpp
  Player.cpp
  PickUp.cpp
  Mushroom.cpp
  Lvl2Scene.cpp
  Lvl1Scene.cpp
  Koopa.cpp
c:\users\polfo\documents\uni\4t\q7\vj\games\2d game\2dgame\02-bubble\02-bubble\koopa.cpp(59): warning C4018: '<': signed/unsigned mismatch
c:\users\polfo\documents\uni\4t\q7\vj\games\2d game\2dgame\02-bubble\02-bubble\koopa.cpp(69): warning C4018: '<': signed/unsigned mismatch
c:\users\polfo\documents\uni\4t\q7\vj\games\2d game\2dgame\02-bubble\02-bubble\koopa.cpp(83): warning C4018: '<': signed/unsigned mismatch
  Goomba.cpp
c:\users\polfo\documents\uni\4t\q7\vj\games\2d game\2dgame\02-bubble\02-bubble\goomba.cpp(51): warning C4018: '<': signed/unsigned mismatch
c:\users\polfo\documents\uni\4t\q7\vj\games\2d game\2dgame\02-bubble\02-bubble\goomba.cpp(60): warning C4018: '<': signed/unsigned mismatch
c:\users\polfo\documents\uni\4t\q7\vj\games\2d game\2dgame\02-bubble\02-bubble\goomba.cpp(72): warning C4018: '<': signed/unsigned mismatch
  Game.cpp
c:\users\polfo\documents\uni\4t\q7\vj\games\2d game\2dgame\02-bubble\02-bubble\game.cpp(100): error C2059: syntax error: ';'
c:\users\polfo\documents\uni\4t\q7\vj\games\2d game\2dgame\02-bubble\02-bubble\game.cpp(105): error C2059: syntax error: ';'
c:\users\polfo\documents\uni\4t\q7\vj\games\2d game\2dgame\02-bubble\02-bubble\game.cpp(108): error C2059: syntax error: '}'
c:\users\polfo\documents\uni\4t\q7\vj\games\2d game\2dgame\02-bubble\02-bubble\game.cpp(108): error C2143: syntax error: missing ';' before '}'
c:\users\polfo\documents\uni\4t\q7\vj\games\2d game\2dgame\02-bubble\02-bubble\game.cpp(109): error C2143: syntax error: missing ';' before '{'
c:\users\polfo\documents\uni\4t\q7\vj\games\2d game\2dgame\02-bubble\02-bubble\game.cpp(109): error C2447: '{': missing function header (old-style formal list?)
c:\users\polfo\documents\uni\4t\q7\vj\games\2d game\2dgame\02-bubble\02-bubble\game.cpp(116): error C2065: 'key': undeclared identifier
c:\users\polfo\documents\uni\4t\q7\vj\games\2d game\2dgame\02-bubble\02-bubble\game.cpp(116): error C4430: missing type specifier - int assumed. Note: C++ does not support default-int
c:\users\polfo\documents\uni\4t\q7\vj\games\2d game\2dgame\02-bubble\02-bubble\game.cpp(116): error C2440: 'initializing': cannot convert from 'bool' to 'int [1]'
  c:\users\polfo\documents\uni\4t\q7\vj\games\2d game\2dgame\02-bubble\02-bubble\game.cpp(116): note: There are no conversions to array types, although there are conversions to references or pointers to arrays
c:\users\polfo\documents\uni\4t\q7\vj\games\2d game\2dgame\02-bubble\02-bubble\game.cpp(117): error C2059: syntax error: '}'
c:\users\polfo\documents\uni\4t\q7\vj\games\2d game\2dgame\02-bubble\02-bubble\game.cpp(117): error C2143: syntax error: missing ';' before '}'
c:\users\polfo\documents\uni\4t\q7\vj\games\2d game\2dgame\02-bubble\02-bubble\game.cpp(120): error C2143: syntax error: missing ';' before '{'
c:\users\polfo\documents\uni\4t\q7\vj\games\2d game\2dgame\02-bubble\02-bubble\game.cpp(120): error C2447: '{': missing function header (old-style formal list?)
  Entity.cpp
  Enemy.cpp
  Brick.cpp
  Generating Code...
  Compiling...
  Block.cpp
  Generating Code...
