  Block.cpp
  Brick.cpp
  coin.cpp
  Enemy.cpp
  Entity.cpp
  Game.cpp
Game.cpp(171): warning C4244: 'return': conversion from 'double' to 'int', possible loss of data
  Goomba.cpp
Goomba.cpp(51): warning C4018: '<': signed/unsigned mismatch
Goomba.cpp(60): warning C4018: '<': signed/unsigned mismatch
Goomba.cpp(72): warning C4018: '<': signed/unsigned mismatch
  Koopa.cpp
Koopa.cpp(60): warning C4018: '<': signed/unsigned mismatch
Koopa.cpp(70): warning C4018: '<': signed/unsigned mismatch
Koopa.cpp(84): warning C4018: '<': signed/unsigned mismatch
  Lvl1Scene.cpp
  Lvl2Scene.cpp
  main.cpp
  Mushroom.cpp
  PickUp.cpp
  Player.cpp
  Quad.cpp
  questionMark.cpp
  Scene.cpp
  SceneCreds.cpp
  SceneInstr.cpp
  SceneMain.cpp
  Compiling...
  Shader.cpp
  ShaderProgram.cpp
  Sprite.cpp
  Star.cpp
  Text.cpp
  Texture.cpp
  TexturedQuad.cpp
  TileMap.cpp
SOIL.lib(SOIL.obj) : warning LNK4075: ignoring '/EDITANDCONTINUE' due to '/OPT:ICF' specification
LINK : warning LNK4098: defaultlib 'MSVCRTD' conflicts with use of other libs; use /NODEFAULTLIB:library
  Generating code
c:\users\polfo\documents\uni\4t\q7\vj\games\2d game\2dgame\02-bubble\02-bubble\game.cpp(183): warning C4715: 'Game::flagPosition': not all control paths return a value
  All 1111 functions were compiled because no usable IPDB/IOBJ from previous compilation was found.
  Finished generating code
SOIL.lib(image_DXT.obj) : warning LNK4099: PDB 'vc100.pdb' was not found with 'SOIL.lib(image_DXT.obj)' or at 'C:\Users\polfo\Documents\UNI\4t\Q7\VJ\GAMES\2D GAME\2DGame\02-Bubble\Release\vc100.pdb'; linking object as if no debug info
SOIL.lib(image_helper.obj) : warning LNK4099: PDB 'vc100.pdb' was not found with 'SOIL.lib(image_helper.obj)' or at 'C:\Users\polfo\Documents\UNI\4t\Q7\VJ\GAMES\2D GAME\2DGame\02-Bubble\Release\vc100.pdb'; linking object as if no debug info
SOIL.lib(SOIL.obj) : warning LNK4099: PDB 'vc100.pdb' was not found with 'SOIL.lib(SOIL.obj)' or at 'C:\Users\polfo\Documents\UNI\4t\Q7\VJ\GAMES\2D GAME\2DGame\02-Bubble\Release\vc100.pdb'; linking object as if no debug info
SOIL.lib(stb_image_aug.obj) : warning LNK4099: PDB 'vc100.pdb' was not found with 'SOIL.lib(stb_image_aug.obj)' or at 'C:\Users\polfo\Documents\UNI\4t\Q7\VJ\GAMES\2D GAME\2DGame\02-Bubble\Release\vc100.pdb'; linking object as if no debug info
  02-Bubble.vcxproj -> C:\Users\polfo\Documents\UNI\4t\Q7\VJ\GAMES\2D GAME\2DGame\02-Bubble\Release\02-Bubble.exe
  02-Bubble.vcxproj -> C:\Users\polfo\Documents\UNI\4t\Q7\VJ\GAMES\2D GAME\2DGame\02-Bubble\Release\02-Bubble.pdb (Full PDB)
